2022-09-06 00:06:10.144 -  [DUBBO] All clients has disconnected from /192.168.0.103:20881. You can graceful shutdown now., dubbo version: 2.7.3, current host: 192.168.0.103 
2022-09-06 00:06:10.144 -  [DUBBO] All clients has disconnected from /192.168.0.103:20881. You can graceful shutdown now., dubbo version: 2.7.3, current host: 192.168.0.103 
2022-09-06 00:06:10.359 - Destroy method on bean with name 'nacosAutoServiceRegistration' threw an exception: java.lang.NoSuchMethodError: com.alibaba.nacos.api.naming.NamingService.shutDown()V 
2022-09-06 00:06:10.360 - Destroy method 'close' on bean with name 'nacosServiceRegistry' threw an exception: java.lang.NoSuchMethodError: com.alibaba.nacos.api.naming.NamingService.shutDown()V 
2022-09-06 00:06:21.142 - Ignore the empty nacos configuration and get it based on dataId[plague-user] & group[PLAGUE] 
2022-09-06 00:06:21.164 - Ignore the empty nacos configuration and get it based on dataId[plague-user.yaml] & group[PLAGUE] 
2022-09-06 00:06:21.186 - Ignore the empty nacos configuration and get it based on dataId[plague-user-dev.yaml] & group[PLAGUE] 
2022-09-06 00:06:22.348 - Endpoint ID 'service-registry' contains invalid characters, please migrate to a valid format. 
2022-09-06 00:06:23.817 - Endpoint ID 'nacos-config' contains invalid characters, please migrate to a valid format. 
2022-09-06 00:06:23.817 - Endpoint ID 'nacos-discovery' contains invalid characters, please migrate to a valid format. 
2022-09-06 00:06:24.168 -  [DUBBO] There's no valid metadata config found, if you are using the simplified mode of registry url, please make sure you have a metadata address configured properly., dubbo version: 2.7.3, current host: 192.168.0.103 
2022-09-06 00:06:24.229 -  [DUBBO] No spring extension (bean) named:applicationContext, try to find an extension (bean) of type org.springframework.context.ConfigurableApplicationContext, dubbo version: 2.7.3, current host: 192.168.0.103 
2022-09-06 00:06:24.233 -  [DUBBO] No spring extension (bean) named:applicationContext, type:org.springframework.context.ConfigurableApplicationContext found, stop get bean., dubbo version: 2.7.3, current host: 192.168.0.103 
2022-09-06 00:06:24.589 -  [DUBBO] There's no valid metadata config found, if you are using the simplified mode of registry url, please make sure you have a metadata address configured properly., dubbo version: 2.7.3, current host: 192.168.0.103 
2022-09-06 00:06:24.963 - The Spring application[name : plague-cache] does not expose The REST metadata in the Dubbo services. 
2022-09-06 00:06:25.435 - No URLs will be polled as dynamic configuration sources. 
2022-09-06 00:06:25.440 - No URLs will be polled as dynamic configuration sources. 
2022-09-06 00:06:27.795 -  [DUBBO] There's no valid metadata config found, if you are using the simplified mode of registry url, please make sure you have a metadata address configured properly., dubbo version: 2.7.3, current host: 192.168.0.103 
2022-09-06 00:06:27.804 -  [DUBBO] Use random available port(20881) for protocol dubbo, dubbo version: 2.7.3, current host: 192.168.0.103 
2022-09-06 00:06:27.905 -  [DUBBO] There's no valid metadata config found, if you are using the simplified mode of registry url, please make sure you have a metadata address configured properly., dubbo version: 2.7.3, current host: 192.168.0.103 
2022-09-06 00:06:53.870 -  [DUBBO] Fail to encode response: Response [id=6, version=2.0.2, status=20, event=false, error=null, result=AppResponse [value=[ResRoleResp(roleName=ROLE_ADMIN, url=/api/order/v1/place), ResRoleResp(roleName=ROLE_ADMIN, url=/r/r2), ResRoleResp(roleName=ROLE_DEV, url=/api/order/v1/place)], exception=null]], send bad_response info instead, cause: Serialized class com.gover.plague.user.resp.ResRoleResp must implement java.io.Serializable, dubbo version: 2.7.3, current host: 192.168.0.103 
java.lang.IllegalStateException: Serialized class com.gover.plague.user.resp.ResRoleResp must implement java.io.Serializable
	at com.alibaba.com.caucho.hessian.io.SerializerFactory.getDefaultSerializer(SerializerFactory.java:401)
	at com.alibaba.com.caucho.hessian.io.SerializerFactory.getSerializer(SerializerFactory.java:375)
	at com.alibaba.com.caucho.hessian.io.Hessian2Output.writeObject(Hessian2Output.java:389)
	at com.alibaba.com.caucho.hessian.io.CollectionSerializer.writeObject(CollectionSerializer.java:92)
	at com.alibaba.com.caucho.hessian.io.Hessian2Output.writeObject(Hessian2Output.java:391)
	at org.apache.dubbo.common.serialize.hessian2.Hessian2ObjectOutput.writeObject(Hessian2ObjectOutput.java:89)
	at org.apache.dubbo.rpc.protocol.dubbo.DubboCodec.encodeResponseData(DubboCodec.java:203)
	at org.apache.dubbo.remoting.exchange.codec.ExchangeCodec.encodeResponse(ExchangeCodec.java:283)
	at org.apache.dubbo.remoting.exchange.codec.ExchangeCodec.encode(ExchangeCodec.java:71)
	at org.apache.dubbo.rpc.protocol.dubbo.DubboCountCodec.encode(DubboCountCodec.java:40)
	at org.apache.dubbo.remoting.transport.netty4.NettyCodecAdapter$InternalEncoder.encode(NettyCodecAdapter.java:70)
	at io.netty.handler.codec.MessageToByteEncoder.write(MessageToByteEncoder.java:107)
	at io.netty.channel.AbstractChannelHandlerContext.invokeWrite0(AbstractChannelHandlerContext.java:717)
	at io.netty.channel.AbstractChannelHandlerContext.invokeWrite(AbstractChannelHandlerContext.java:709)
	at io.netty.channel.AbstractChannelHandlerContext.write(AbstractChannelHandlerContext.java:792)
	at io.netty.channel.AbstractChannelHandlerContext.write(AbstractChannelHandlerContext.java:702)
	at io.netty.handler.timeout.IdleStateHandler.write(IdleStateHandler.java:302)
	at io.netty.channel.AbstractChannelHandlerContext.invokeWrite0(AbstractChannelHandlerContext.java:717)
	at io.netty.channel.AbstractChannelHandlerContext.invokeWrite(AbstractChannelHandlerContext.java:709)
	at io.netty.channel.AbstractChannelHandlerContext.write(AbstractChannelHandlerContext.java:792)
	at io.netty.channel.AbstractChannelHandlerContext.write(AbstractChannelHandlerContext.java:702)
	at io.netty.channel.ChannelDuplexHandler.write(ChannelDuplexHandler.java:115)
	at org.apache.dubbo.remoting.transport.netty4.NettyServerHandler.write(NettyServerHandler.java:103)
	at io.netty.channel.AbstractChannelHandlerContext.invokeWrite0(AbstractChannelHandlerContext.java:717)
	at io.netty.channel.AbstractChannelHandlerContext.invokeWriteAndFlush(AbstractChannelHandlerContext.java:764)
	at io.netty.channel.AbstractChannelHandlerContext$WriteTask.run(AbstractChannelHandlerContext.java:1071)
	at io.netty.util.concurrent.AbstractEventExecutor.safeExecute$$$capture(AbstractEventExecutor.java:164)
	at io.netty.util.concurrent.AbstractEventExecutor.safeExecute(AbstractEventExecutor.java)
	at io.netty.util.concurrent.SingleThreadEventExecutor.runAllTasks(SingleThreadEventExecutor.java:472)
	at io.netty.channel.nio.NioEventLoop.run(NioEventLoop.java:500)
	at io.netty.util.concurrent.SingleThreadEventExecutor$4.run(SingleThreadEventExecutor.java:989)
	at io.netty.util.internal.ThreadExecutorMap$2.run(ThreadExecutorMap.java:74)
	at io.netty.util.concurrent.FastThreadLocalRunnable.run(FastThreadLocalRunnable.java:30)
	at java.lang.Thread.run(Thread.java:748)
2022-09-06 00:06:53.880 -  [DUBBO] Fail to encode response: Response [id=7, version=2.0.2, status=20, event=false, error=null, result=AppResponse [value=[ResRoleResp(roleName=ROLE_ADMIN, url=/api/order/v1/place), ResRoleResp(roleName=ROLE_ADMIN, url=/r/r2), ResRoleResp(roleName=ROLE_DEV, url=/api/order/v1/place)], exception=null]], send bad_response info instead, cause: Serialized class com.gover.plague.user.resp.ResRoleResp must implement java.io.Serializable, dubbo version: 2.7.3, current host: 192.168.0.103 
java.lang.IllegalStateException: Serialized class com.gover.plague.user.resp.ResRoleResp must implement java.io.Serializable
	at com.alibaba.com.caucho.hessian.io.SerializerFactory.getDefaultSerializer(SerializerFactory.java:401)
	at com.alibaba.com.caucho.hessian.io.SerializerFactory.getSerializer(SerializerFactory.java:375)
	at com.alibaba.com.caucho.hessian.io.Hessian2Output.writeObject(Hessian2Output.java:389)
	at com.alibaba.com.caucho.hessian.io.CollectionSerializer.writeObject(CollectionSerializer.java:92)
	at com.alibaba.com.caucho.hessian.io.Hessian2Output.writeObject(Hessian2Output.java:391)
	at org.apache.dubbo.common.serialize.hessian2.Hessian2ObjectOutput.writeObject(Hessian2ObjectOutput.java:89)
	at org.apache.dubbo.rpc.protocol.dubbo.DubboCodec.encodeResponseData(DubboCodec.java:203)
	at org.apache.dubbo.remoting.exchange.codec.ExchangeCodec.encodeResponse(ExchangeCodec.java:283)
	at org.apache.dubbo.remoting.exchange.codec.ExchangeCodec.encode(ExchangeCodec.java:71)
	at org.apache.dubbo.rpc.protocol.dubbo.DubboCountCodec.encode(DubboCountCodec.java:40)
	at org.apache.dubbo.remoting.transport.netty4.NettyCodecAdapter$InternalEncoder.encode(NettyCodecAdapter.java:70)
	at io.netty.handler.codec.MessageToByteEncoder.write(MessageToByteEncoder.java:107)
	at io.netty.channel.AbstractChannelHandlerContext.invokeWrite0(AbstractChannelHandlerContext.java:717)
	at io.netty.channel.AbstractChannelHandlerContext.invokeWrite(AbstractChannelHandlerContext.java:709)
	at io.netty.channel.AbstractChannelHandlerContext.write(AbstractChannelHandlerContext.java:792)
	at io.netty.channel.AbstractChannelHandlerContext.write(AbstractChannelHandlerContext.java:702)
	at io.netty.handler.timeout.IdleStateHandler.write(IdleStateHandler.java:302)
	at io.netty.channel.AbstractChannelHandlerContext.invokeWrite0(AbstractChannelHandlerContext.java:717)
	at io.netty.channel.AbstractChannelHandlerContext.invokeWrite(AbstractChannelHandlerContext.java:709)
	at io.netty.channel.AbstractChannelHandlerContext.write(AbstractChannelHandlerContext.java:792)
	at io.netty.channel.AbstractChannelHandlerContext.write(AbstractChannelHandlerContext.java:702)
	at io.netty.channel.ChannelDuplexHandler.write(ChannelDuplexHandler.java:115)
	at org.apache.dubbo.remoting.transport.netty4.NettyServerHandler.write(NettyServerHandler.java:103)
	at io.netty.channel.AbstractChannelHandlerContext.invokeWrite0(AbstractChannelHandlerContext.java:717)
	at io.netty.channel.AbstractChannelHandlerContext.invokeWriteAndFlush(AbstractChannelHandlerContext.java:764)
	at io.netty.channel.AbstractChannelHandlerContext$WriteTask.run(AbstractChannelHandlerContext.java:1071)
	at io.netty.util.concurrent.AbstractEventExecutor.safeExecute$$$capture(AbstractEventExecutor.java:164)
	at io.netty.util.concurrent.AbstractEventExecutor.safeExecute(AbstractEventExecutor.java)
	at io.netty.util.concurrent.SingleThreadEventExecutor.runAllTasks(SingleThreadEventExecutor.java:472)
	at io.netty.channel.nio.NioEventLoop.run(NioEventLoop.java:500)
	at io.netty.util.concurrent.SingleThreadEventExecutor$4.run(SingleThreadEventExecutor.java:989)
	at io.netty.util.internal.ThreadExecutorMap$2.run(ThreadExecutorMap.java:74)
	at io.netty.util.concurrent.FastThreadLocalRunnable.run(FastThreadLocalRunnable.java:30)
	at java.lang.Thread.run(Thread.java:748)
2022-09-06 00:06:53.886 -  [DUBBO] Fail to encode response: Response [id=8, version=2.0.2, status=20, event=false, error=null, result=AppResponse [value=[ResRoleResp(roleName=ROLE_ADMIN, url=/api/order/v1/place), ResRoleResp(roleName=ROLE_ADMIN, url=/r/r2), ResRoleResp(roleName=ROLE_DEV, url=/api/order/v1/place)], exception=null]], send bad_response info instead, cause: Serialized class com.gover.plague.user.resp.ResRoleResp must implement java.io.Serializable, dubbo version: 2.7.3, current host: 192.168.0.103 
java.lang.IllegalStateException: Serialized class com.gover.plague.user.resp.ResRoleResp must implement java.io.Serializable
	at com.alibaba.com.caucho.hessian.io.SerializerFactory.getDefaultSerializer(SerializerFactory.java:401)
	at com.alibaba.com.caucho.hessian.io.SerializerFactory.getSerializer(SerializerFactory.java:375)
	at com.alibaba.com.caucho.hessian.io.Hessian2Output.writeObject(Hessian2Output.java:389)
	at com.alibaba.com.caucho.hessian.io.CollectionSerializer.writeObject(CollectionSerializer.java:92)
	at com.alibaba.com.caucho.hessian.io.Hessian2Output.writeObject(Hessian2Output.java:391)
	at org.apache.dubbo.common.serialize.hessian2.Hessian2ObjectOutput.writeObject(Hessian2ObjectOutput.java:89)
	at org.apache.dubbo.rpc.protocol.dubbo.DubboCodec.encodeResponseData(DubboCodec.java:203)
	at org.apache.dubbo.remoting.exchange.codec.ExchangeCodec.encodeResponse(ExchangeCodec.java:283)
	at org.apache.dubbo.remoting.exchange.codec.ExchangeCodec.encode(ExchangeCodec.java:71)
	at org.apache.dubbo.rpc.protocol.dubbo.DubboCountCodec.encode(DubboCountCodec.java:40)
	at org.apache.dubbo.remoting.transport.netty4.NettyCodecAdapter$InternalEncoder.encode(NettyCodecAdapter.java:70)
	at io.netty.handler.codec.MessageToByteEncoder.write(MessageToByteEncoder.java:107)
	at io.netty.channel.AbstractChannelHandlerContext.invokeWrite0(AbstractChannelHandlerContext.java:717)
	at io.netty.channel.AbstractChannelHandlerContext.invokeWrite(AbstractChannelHandlerContext.java:709)
	at io.netty.channel.AbstractChannelHandlerContext.write(AbstractChannelHandlerContext.java:792)
	at io.netty.channel.AbstractChannelHandlerContext.write(AbstractChannelHandlerContext.java:702)
	at io.netty.handler.timeout.IdleStateHandler.write(IdleStateHandler.java:302)
	at io.netty.channel.AbstractChannelHandlerContext.invokeWrite0(AbstractChannelHandlerContext.java:717)
	at io.netty.channel.AbstractChannelHandlerContext.invokeWrite(AbstractChannelHandlerContext.java:709)
	at io.netty.channel.AbstractChannelHandlerContext.write(AbstractChannelHandlerContext.java:792)
	at io.netty.channel.AbstractChannelHandlerContext.write(AbstractChannelHandlerContext.java:702)
	at io.netty.channel.ChannelDuplexHandler.write(ChannelDuplexHandler.java:115)
	at org.apache.dubbo.remoting.transport.netty4.NettyServerHandler.write(NettyServerHandler.java:103)
	at io.netty.channel.AbstractChannelHandlerContext.invokeWrite0(AbstractChannelHandlerContext.java:717)
	at io.netty.channel.AbstractChannelHandlerContext.invokeWriteAndFlush(AbstractChannelHandlerContext.java:764)
	at io.netty.channel.AbstractChannelHandlerContext$WriteTask.run(AbstractChannelHandlerContext.java:1071)
	at io.netty.util.concurrent.AbstractEventExecutor.safeExecute$$$capture(AbstractEventExecutor.java:164)
	at io.netty.util.concurrent.AbstractEventExecutor.safeExecute(AbstractEventExecutor.java)
	at io.netty.util.concurrent.SingleThreadEventExecutor.runAllTasks(SingleThreadEventExecutor.java:472)
	at io.netty.channel.nio.NioEventLoop.run(NioEventLoop.java:500)
	at io.netty.util.concurrent.SingleThreadEventExecutor$4.run(SingleThreadEventExecutor.java:989)
	at io.netty.util.internal.ThreadExecutorMap$2.run(ThreadExecutorMap.java:74)
	at io.netty.util.concurrent.FastThreadLocalRunnable.run(FastThreadLocalRunnable.java:30)
	at java.lang.Thread.run(Thread.java:748)
2022-09-06 00:06:53.890 -  [DUBBO] Fail to encode response: Response [id=9, version=2.0.2, status=20, event=false, error=null, result=AppResponse [value=[ResRoleResp(roleName=ROLE_ADMIN, url=/api/order/v1/place), ResRoleResp(roleName=ROLE_ADMIN, url=/r/r2), ResRoleResp(roleName=ROLE_DEV, url=/api/order/v1/place)], exception=null]], send bad_response info instead, cause: Serialized class com.gover.plague.user.resp.ResRoleResp must implement java.io.Serializable, dubbo version: 2.7.3, current host: 192.168.0.103 
java.lang.IllegalStateException: Serialized class com.gover.plague.user.resp.ResRoleResp must implement java.io.Serializable
	at com.alibaba.com.caucho.hessian.io.SerializerFactory.getDefaultSerializer(SerializerFactory.java:401)
	at com.alibaba.com.caucho.hessian.io.SerializerFactory.getSerializer(SerializerFactory.java:375)
	at com.alibaba.com.caucho.hessian.io.Hessian2Output.writeObject(Hessian2Output.java:389)
	at com.alibaba.com.caucho.hessian.io.CollectionSerializer.writeObject(CollectionSerializer.java:92)
	at com.alibaba.com.caucho.hessian.io.Hessian2Output.writeObject(Hessian2Output.java:391)
	at org.apache.dubbo.common.serialize.hessian2.Hessian2ObjectOutput.writeObject(Hessian2ObjectOutput.java:89)
	at org.apache.dubbo.rpc.protocol.dubbo.DubboCodec.encodeResponseData(DubboCodec.java:203)
	at org.apache.dubbo.remoting.exchange.codec.ExchangeCodec.encodeResponse(ExchangeCodec.java:283)
	at org.apache.dubbo.remoting.exchange.codec.ExchangeCodec.encode(ExchangeCodec.java:71)
	at org.apache.dubbo.rpc.protocol.dubbo.DubboCountCodec.encode(DubboCountCodec.java:40)
	at org.apache.dubbo.remoting.transport.netty4.NettyCodecAdapter$InternalEncoder.encode(NettyCodecAdapter.java:70)
	at io.netty.handler.codec.MessageToByteEncoder.write(MessageToByteEncoder.java:107)
	at io.netty.channel.AbstractChannelHandlerContext.invokeWrite0(AbstractChannelHandlerContext.java:717)
	at io.netty.channel.AbstractChannelHandlerContext.invokeWrite(AbstractChannelHandlerContext.java:709)
	at io.netty.channel.AbstractChannelHandlerContext.write(AbstractChannelHandlerContext.java:792)
	at io.netty.channel.AbstractChannelHandlerContext.write(AbstractChannelHandlerContext.java:702)
	at io.netty.handler.timeout.IdleStateHandler.write(IdleStateHandler.java:302)
	at io.netty.channel.AbstractChannelHandlerContext.invokeWrite0(AbstractChannelHandlerContext.java:717)
	at io.netty.channel.AbstractChannelHandlerContext.invokeWrite(AbstractChannelHandlerContext.java:709)
	at io.netty.channel.AbstractChannelHandlerContext.write(AbstractChannelHandlerContext.java:792)
	at io.netty.channel.AbstractChannelHandlerContext.write(AbstractChannelHandlerContext.java:702)
	at io.netty.channel.ChannelDuplexHandler.write(ChannelDuplexHandler.java:115)
	at org.apache.dubbo.remoting.transport.netty4.NettyServerHandler.write(NettyServerHandler.java:103)
	at io.netty.channel.AbstractChannelHandlerContext.invokeWrite0(AbstractChannelHandlerContext.java:717)
	at io.netty.channel.AbstractChannelHandlerContext.invokeWriteAndFlush(AbstractChannelHandlerContext.java:764)
	at io.netty.channel.AbstractChannelHandlerContext$WriteTask.run(AbstractChannelHandlerContext.java:1071)
	at io.netty.util.concurrent.AbstractEventExecutor.safeExecute$$$capture(AbstractEventExecutor.java:164)
	at io.netty.util.concurrent.AbstractEventExecutor.safeExecute(AbstractEventExecutor.java)
	at io.netty.util.concurrent.SingleThreadEventExecutor.runAllTasks(SingleThreadEventExecutor.java:472)
	at io.netty.channel.nio.NioEventLoop.run(NioEventLoop.java:500)
	at io.netty.util.concurrent.SingleThreadEventExecutor$4.run(SingleThreadEventExecutor.java:989)
	at io.netty.util.internal.ThreadExecutorMap$2.run(ThreadExecutorMap.java:74)
	at io.netty.util.concurrent.FastThreadLocalRunnable.run(FastThreadLocalRunnable.java:30)
	at java.lang.Thread.run(Thread.java:748)
2022-09-06 00:06:54.351 -  [DUBBO] All clients has disconnected from /192.168.0.103:20881. You can graceful shutdown now., dubbo version: 2.7.3, current host: 192.168.0.103 
2022-09-06 00:07:40.036 -  [DUBBO] Fail to encode response: Response [id=6, version=2.0.2, status=20, event=false, error=null, result=AppResponse [value=[ResRoleResp(roleName=ROLE_ADMIN, url=/api/order/v1/place), ResRoleResp(roleName=ROLE_ADMIN, url=/r/r2), ResRoleResp(roleName=ROLE_DEV, url=/api/order/v1/place)], exception=null]], send bad_response info instead, cause: Serialized class com.gover.plague.user.resp.ResRoleResp must implement java.io.Serializable, dubbo version: 2.7.3, current host: 192.168.0.103 
java.lang.IllegalStateException: Serialized class com.gover.plague.user.resp.ResRoleResp must implement java.io.Serializable
	at com.alibaba.com.caucho.hessian.io.SerializerFactory.getDefaultSerializer(SerializerFactory.java:401)
	at com.alibaba.com.caucho.hessian.io.SerializerFactory.getSerializer(SerializerFactory.java:375)
	at com.alibaba.com.caucho.hessian.io.Hessian2Output.writeObject(Hessian2Output.java:389)
	at com.alibaba.com.caucho.hessian.io.CollectionSerializer.writeObject(CollectionSerializer.java:92)
	at com.alibaba.com.caucho.hessian.io.Hessian2Output.writeObject(Hessian2Output.java:391)
	at org.apache.dubbo.common.serialize.hessian2.Hessian2ObjectOutput.writeObject(Hessian2ObjectOutput.java:89)
	at org.apache.dubbo.rpc.protocol.dubbo.DubboCodec.encodeResponseData(DubboCodec.java:203)
	at org.apache.dubbo.remoting.exchange.codec.ExchangeCodec.encodeResponse(ExchangeCodec.java:283)
	at org.apache.dubbo.remoting.exchange.codec.ExchangeCodec.encode(ExchangeCodec.java:71)
	at org.apache.dubbo.rpc.protocol.dubbo.DubboCountCodec.encode(DubboCountCodec.java:40)
	at org.apache.dubbo.remoting.transport.netty4.NettyCodecAdapter$InternalEncoder.encode(NettyCodecAdapter.java:70)
	at io.netty.handler.codec.MessageToByteEncoder.write(MessageToByteEncoder.java:107)
	at io.netty.channel.AbstractChannelHandlerContext.invokeWrite0(AbstractChannelHandlerContext.java:717)
	at io.netty.channel.AbstractChannelHandlerContext.invokeWrite(AbstractChannelHandlerContext.java:709)
	at io.netty.channel.AbstractChannelHandlerContext.write(AbstractChannelHandlerContext.java:792)
	at io.netty.channel.AbstractChannelHandlerContext.write(AbstractChannelHandlerContext.java:702)
	at io.netty.handler.timeout.IdleStateHandler.write(IdleStateHandler.java:302)
	at io.netty.channel.AbstractChannelHandlerContext.invokeWrite0(AbstractChannelHandlerContext.java:717)
	at io.netty.channel.AbstractChannelHandlerContext.invokeWrite(AbstractChannelHandlerContext.java:709)
	at io.netty.channel.AbstractChannelHandlerContext.write(AbstractChannelHandlerContext.java:792)
	at io.netty.channel.AbstractChannelHandlerContext.write(AbstractChannelHandlerContext.java:702)
	at io.netty.channel.ChannelDuplexHandler.write(ChannelDuplexHandler.java:115)
	at org.apache.dubbo.remoting.transport.netty4.NettyServerHandler.write(NettyServerHandler.java:103)
	at io.netty.channel.AbstractChannelHandlerContext.invokeWrite0(AbstractChannelHandlerContext.java:717)
	at io.netty.channel.AbstractChannelHandlerContext.invokeWriteAndFlush(AbstractChannelHandlerContext.java:764)
	at io.netty.channel.AbstractChannelHandlerContext$WriteTask.run(AbstractChannelHandlerContext.java:1071)
	at io.netty.util.concurrent.AbstractEventExecutor.safeExecute$$$capture(AbstractEventExecutor.java:164)
	at io.netty.util.concurrent.AbstractEventExecutor.safeExecute(AbstractEventExecutor.java)
	at io.netty.util.concurrent.SingleThreadEventExecutor.runAllTasks(SingleThreadEventExecutor.java:472)
	at io.netty.channel.nio.NioEventLoop.run(NioEventLoop.java:500)
	at io.netty.util.concurrent.SingleThreadEventExecutor$4.run(SingleThreadEventExecutor.java:989)
	at io.netty.util.internal.ThreadExecutorMap$2.run(ThreadExecutorMap.java:74)
	at io.netty.util.concurrent.FastThreadLocalRunnable.run(FastThreadLocalRunnable.java:30)
	at java.lang.Thread.run(Thread.java:748)
2022-09-06 00:07:40.043 -  [DUBBO] Fail to encode response: Response [id=7, version=2.0.2, status=20, event=false, error=null, result=AppResponse [value=[ResRoleResp(roleName=ROLE_ADMIN, url=/api/order/v1/place), ResRoleResp(roleName=ROLE_ADMIN, url=/r/r2), ResRoleResp(roleName=ROLE_DEV, url=/api/order/v1/place)], exception=null]], send bad_response info instead, cause: Serialized class com.gover.plague.user.resp.ResRoleResp must implement java.io.Serializable, dubbo version: 2.7.3, current host: 192.168.0.103 
java.lang.IllegalStateException: Serialized class com.gover.plague.user.resp.ResRoleResp must implement java.io.Serializable
	at com.alibaba.com.caucho.hessian.io.SerializerFactory.getDefaultSerializer(SerializerFactory.java:401)
	at com.alibaba.com.caucho.hessian.io.SerializerFactory.getSerializer(SerializerFactory.java:375)
	at com.alibaba.com.caucho.hessian.io.Hessian2Output.writeObject(Hessian2Output.java:389)
	at com.alibaba.com.caucho.hessian.io.CollectionSerializer.writeObject(CollectionSerializer.java:92)
	at com.alibaba.com.caucho.hessian.io.Hessian2Output.writeObject(Hessian2Output.java:391)
	at org.apache.dubbo.common.serialize.hessian2.Hessian2ObjectOutput.writeObject(Hessian2ObjectOutput.java:89)
	at org.apache.dubbo.rpc.protocol.dubbo.DubboCodec.encodeResponseData(DubboCodec.java:203)
	at org.apache.dubbo.remoting.exchange.codec.ExchangeCodec.encodeResponse(ExchangeCodec.java:283)
	at org.apache.dubbo.remoting.exchange.codec.ExchangeCodec.encode(ExchangeCodec.java:71)
	at org.apache.dubbo.rpc.protocol.dubbo.DubboCountCodec.encode(DubboCountCodec.java:40)
	at org.apache.dubbo.remoting.transport.netty4.NettyCodecAdapter$InternalEncoder.encode(NettyCodecAdapter.java:70)
	at io.netty.handler.codec.MessageToByteEncoder.write(MessageToByteEncoder.java:107)
	at io.netty.channel.AbstractChannelHandlerContext.invokeWrite0(AbstractChannelHandlerContext.java:717)
	at io.netty.channel.AbstractChannelHandlerContext.invokeWrite(AbstractChannelHandlerContext.java:709)
	at io.netty.channel.AbstractChannelHandlerContext.write(AbstractChannelHandlerContext.java:792)
	at io.netty.channel.AbstractChannelHandlerContext.write(AbstractChannelHandlerContext.java:702)
	at io.netty.handler.timeout.IdleStateHandler.write(IdleStateHandler.java:302)
	at io.netty.channel.AbstractChannelHandlerContext.invokeWrite0(AbstractChannelHandlerContext.java:717)
	at io.netty.channel.AbstractChannelHandlerContext.invokeWrite(AbstractChannelHandlerContext.java:709)
	at io.netty.channel.AbstractChannelHandlerContext.write(AbstractChannelHandlerContext.java:792)
	at io.netty.channel.AbstractChannelHandlerContext.write(AbstractChannelHandlerContext.java:702)
	at io.netty.channel.ChannelDuplexHandler.write(ChannelDuplexHandler.java:115)
	at org.apache.dubbo.remoting.transport.netty4.NettyServerHandler.write(NettyServerHandler.java:103)
	at io.netty.channel.AbstractChannelHandlerContext.invokeWrite0(AbstractChannelHandlerContext.java:717)
	at io.netty.channel.AbstractChannelHandlerContext.invokeWriteAndFlush(AbstractChannelHandlerContext.java:764)
	at io.netty.channel.AbstractChannelHandlerContext$WriteTask.run(AbstractChannelHandlerContext.java:1071)
	at io.netty.util.concurrent.AbstractEventExecutor.safeExecute$$$capture(AbstractEventExecutor.java:164)
	at io.netty.util.concurrent.AbstractEventExecutor.safeExecute(AbstractEventExecutor.java)
	at io.netty.util.concurrent.SingleThreadEventExecutor.runAllTasks(SingleThreadEventExecutor.java:472)
	at io.netty.channel.nio.NioEventLoop.run(NioEventLoop.java:500)
	at io.netty.util.concurrent.SingleThreadEventExecutor$4.run(SingleThreadEventExecutor.java:989)
	at io.netty.util.internal.ThreadExecutorMap$2.run(ThreadExecutorMap.java:74)
	at io.netty.util.concurrent.FastThreadLocalRunnable.run(FastThreadLocalRunnable.java:30)
	at java.lang.Thread.run(Thread.java:748)
2022-09-06 00:07:40.047 -  [DUBBO] Fail to encode response: Response [id=8, version=2.0.2, status=20, event=false, error=null, result=AppResponse [value=[ResRoleResp(roleName=ROLE_ADMIN, url=/api/order/v1/place), ResRoleResp(roleName=ROLE_ADMIN, url=/r/r2), ResRoleResp(roleName=ROLE_DEV, url=/api/order/v1/place)], exception=null]], send bad_response info instead, cause: Serialized class com.gover.plague.user.resp.ResRoleResp must implement java.io.Serializable, dubbo version: 2.7.3, current host: 192.168.0.103 
java.lang.IllegalStateException: Serialized class com.gover.plague.user.resp.ResRoleResp must implement java.io.Serializable
	at com.alibaba.com.caucho.hessian.io.SerializerFactory.getDefaultSerializer(SerializerFactory.java:401)
	at com.alibaba.com.caucho.hessian.io.SerializerFactory.getSerializer(SerializerFactory.java:375)
	at com.alibaba.com.caucho.hessian.io.Hessian2Output.writeObject(Hessian2Output.java:389)
	at com.alibaba.com.caucho.hessian.io.CollectionSerializer.writeObject(CollectionSerializer.java:92)
	at com.alibaba.com.caucho.hessian.io.Hessian2Output.writeObject(Hessian2Output.java:391)
	at org.apache.dubbo.common.serialize.hessian2.Hessian2ObjectOutput.writeObject(Hessian2ObjectOutput.java:89)
	at org.apache.dubbo.rpc.protocol.dubbo.DubboCodec.encodeResponseData(DubboCodec.java:203)
	at org.apache.dubbo.remoting.exchange.codec.ExchangeCodec.encodeResponse(ExchangeCodec.java:283)
	at org.apache.dubbo.remoting.exchange.codec.ExchangeCodec.encode(ExchangeCodec.java:71)
	at org.apache.dubbo.rpc.protocol.dubbo.DubboCountCodec.encode(DubboCountCodec.java:40)
	at org.apache.dubbo.remoting.transport.netty4.NettyCodecAdapter$InternalEncoder.encode(NettyCodecAdapter.java:70)
	at io.netty.handler.codec.MessageToByteEncoder.write(MessageToByteEncoder.java:107)
	at io.netty.channel.AbstractChannelHandlerContext.invokeWrite0(AbstractChannelHandlerContext.java:717)
	at io.netty.channel.AbstractChannelHandlerContext.invokeWrite(AbstractChannelHandlerContext.java:709)
	at io.netty.channel.AbstractChannelHandlerContext.write(AbstractChannelHandlerContext.java:792)
	at io.netty.channel.AbstractChannelHandlerContext.write(AbstractChannelHandlerContext.java:702)
	at io.netty.handler.timeout.IdleStateHandler.write(IdleStateHandler.java:302)
	at io.netty.channel.AbstractChannelHandlerContext.invokeWrite0(AbstractChannelHandlerContext.java:717)
	at io.netty.channel.AbstractChannelHandlerContext.invokeWrite(AbstractChannelHandlerContext.java:709)
	at io.netty.channel.AbstractChannelHandlerContext.write(AbstractChannelHandlerContext.java:792)
	at io.netty.channel.AbstractChannelHandlerContext.write(AbstractChannelHandlerContext.java:702)
	at io.netty.channel.ChannelDuplexHandler.write(ChannelDuplexHandler.java:115)
	at org.apache.dubbo.remoting.transport.netty4.NettyServerHandler.write(NettyServerHandler.java:103)
	at io.netty.channel.AbstractChannelHandlerContext.invokeWrite0(AbstractChannelHandlerContext.java:717)
	at io.netty.channel.AbstractChannelHandlerContext.invokeWriteAndFlush(AbstractChannelHandlerContext.java:764)
	at io.netty.channel.AbstractChannelHandlerContext$WriteTask.run(AbstractChannelHandlerContext.java:1071)
	at io.netty.util.concurrent.AbstractEventExecutor.safeExecute$$$capture(AbstractEventExecutor.java:164)
	at io.netty.util.concurrent.AbstractEventExecutor.safeExecute(AbstractEventExecutor.java)
	at io.netty.util.concurrent.SingleThreadEventExecutor.runAllTasks(SingleThreadEventExecutor.java:472)
	at io.netty.channel.nio.NioEventLoop.run(NioEventLoop.java:500)
	at io.netty.util.concurrent.SingleThreadEventExecutor$4.run(SingleThreadEventExecutor.java:989)
	at io.netty.util.internal.ThreadExecutorMap$2.run(ThreadExecutorMap.java:74)
	at io.netty.util.concurrent.FastThreadLocalRunnable.run(FastThreadLocalRunnable.java:30)
	at java.lang.Thread.run(Thread.java:748)
2022-09-06 00:07:40.051 -  [DUBBO] Fail to encode response: Response [id=9, version=2.0.2, status=20, event=false, error=null, result=AppResponse [value=[ResRoleResp(roleName=ROLE_ADMIN, url=/api/order/v1/place), ResRoleResp(roleName=ROLE_ADMIN, url=/r/r2), ResRoleResp(roleName=ROLE_DEV, url=/api/order/v1/place)], exception=null]], send bad_response info instead, cause: Serialized class com.gover.plague.user.resp.ResRoleResp must implement java.io.Serializable, dubbo version: 2.7.3, current host: 192.168.0.103 
java.lang.IllegalStateException: Serialized class com.gover.plague.user.resp.ResRoleResp must implement java.io.Serializable
	at com.alibaba.com.caucho.hessian.io.SerializerFactory.getDefaultSerializer(SerializerFactory.java:401)
	at com.alibaba.com.caucho.hessian.io.SerializerFactory.getSerializer(SerializerFactory.java:375)
	at com.alibaba.com.caucho.hessian.io.Hessian2Output.writeObject(Hessian2Output.java:389)
	at com.alibaba.com.caucho.hessian.io.CollectionSerializer.writeObject(CollectionSerializer.java:92)
	at com.alibaba.com.caucho.hessian.io.Hessian2Output.writeObject(Hessian2Output.java:391)
	at org.apache.dubbo.common.serialize.hessian2.Hessian2ObjectOutput.writeObject(Hessian2ObjectOutput.java:89)
	at org.apache.dubbo.rpc.protocol.dubbo.DubboCodec.encodeResponseData(DubboCodec.java:203)
	at org.apache.dubbo.remoting.exchange.codec.ExchangeCodec.encodeResponse(ExchangeCodec.java:283)
	at org.apache.dubbo.remoting.exchange.codec.ExchangeCodec.encode(ExchangeCodec.java:71)
	at org.apache.dubbo.rpc.protocol.dubbo.DubboCountCodec.encode(DubboCountCodec.java:40)
	at org.apache.dubbo.remoting.transport.netty4.NettyCodecAdapter$InternalEncoder.encode(NettyCodecAdapter.java:70)
	at io.netty.handler.codec.MessageToByteEncoder.write(MessageToByteEncoder.java:107)
	at io.netty.channel.AbstractChannelHandlerContext.invokeWrite0(AbstractChannelHandlerContext.java:717)
	at io.netty.channel.AbstractChannelHandlerContext.invokeWrite(AbstractChannelHandlerContext.java:709)
	at io.netty.channel.AbstractChannelHandlerContext.write(AbstractChannelHandlerContext.java:792)
	at io.netty.channel.AbstractChannelHandlerContext.write(AbstractChannelHandlerContext.java:702)
	at io.netty.handler.timeout.IdleStateHandler.write(IdleStateHandler.java:302)
	at io.netty.channel.AbstractChannelHandlerContext.invokeWrite0(AbstractChannelHandlerContext.java:717)
	at io.netty.channel.AbstractChannelHandlerContext.invokeWrite(AbstractChannelHandlerContext.java:709)
	at io.netty.channel.AbstractChannelHandlerContext.write(AbstractChannelHandlerContext.java:792)
	at io.netty.channel.AbstractChannelHandlerContext.write(AbstractChannelHandlerContext.java:702)
	at io.netty.channel.ChannelDuplexHandler.write(ChannelDuplexHandler.java:115)
	at org.apache.dubbo.remoting.transport.netty4.NettyServerHandler.write(NettyServerHandler.java:103)
	at io.netty.channel.AbstractChannelHandlerContext.invokeWrite0(AbstractChannelHandlerContext.java:717)
	at io.netty.channel.AbstractChannelHandlerContext.invokeWriteAndFlush(AbstractChannelHandlerContext.java:764)
	at io.netty.channel.AbstractChannelHandlerContext$WriteTask.run(AbstractChannelHandlerContext.java:1071)
	at io.netty.util.concurrent.AbstractEventExecutor.safeExecute$$$capture(AbstractEventExecutor.java:164)
	at io.netty.util.concurrent.AbstractEventExecutor.safeExecute(AbstractEventExecutor.java)
	at io.netty.util.concurrent.SingleThreadEventExecutor.runAllTasks(SingleThreadEventExecutor.java:472)
	at io.netty.channel.nio.NioEventLoop.run(NioEventLoop.java:500)
	at io.netty.util.concurrent.SingleThreadEventExecutor$4.run(SingleThreadEventExecutor.java:989)
	at io.netty.util.internal.ThreadExecutorMap$2.run(ThreadExecutorMap.java:74)
	at io.netty.util.concurrent.FastThreadLocalRunnable.run(FastThreadLocalRunnable.java:30)
	at java.lang.Thread.run(Thread.java:748)
2022-09-06 00:08:21.855 -  [DUBBO] Fail to encode response: Response [id=6, version=2.0.2, status=20, event=false, error=null, result=AppResponse [value=[ResRoleResp(roleName=ROLE_ADMIN, url=/api/order/v1/place), ResRoleResp(roleName=ROLE_ADMIN, url=/r/r2), ResRoleResp(roleName=ROLE_DEV, url=/api/order/v1/place)], exception=null]], send bad_response info instead, cause: Serialized class com.gover.plague.user.resp.ResRoleResp must implement java.io.Serializable, dubbo version: 2.7.3, current host: 192.168.0.103 
java.lang.IllegalStateException: Serialized class com.gover.plague.user.resp.ResRoleResp must implement java.io.Serializable
	at com.alibaba.com.caucho.hessian.io.SerializerFactory.getDefaultSerializer(SerializerFactory.java:401)
	at com.alibaba.com.caucho.hessian.io.SerializerFactory.getSerializer(SerializerFactory.java:375)
	at com.alibaba.com.caucho.hessian.io.Hessian2Output.writeObject(Hessian2Output.java:389)
	at com.alibaba.com.caucho.hessian.io.CollectionSerializer.writeObject(CollectionSerializer.java:92)
	at com.alibaba.com.caucho.hessian.io.Hessian2Output.writeObject(Hessian2Output.java:391)
	at org.apache.dubbo.common.serialize.hessian2.Hessian2ObjectOutput.writeObject(Hessian2ObjectOutput.java:89)
	at org.apache.dubbo.rpc.protocol.dubbo.DubboCodec.encodeResponseData(DubboCodec.java:203)
	at org.apache.dubbo.remoting.exchange.codec.ExchangeCodec.encodeResponse(ExchangeCodec.java:283)
	at org.apache.dubbo.remoting.exchange.codec.ExchangeCodec.encode(ExchangeCodec.java:71)
	at org.apache.dubbo.rpc.protocol.dubbo.DubboCountCodec.encode(DubboCountCodec.java:40)
	at org.apache.dubbo.remoting.transport.netty4.NettyCodecAdapter$InternalEncoder.encode(NettyCodecAdapter.java:70)
	at io.netty.handler.codec.MessageToByteEncoder.write(MessageToByteEncoder.java:107)
	at io.netty.channel.AbstractChannelHandlerContext.invokeWrite0(AbstractChannelHandlerContext.java:717)
	at io.netty.channel.AbstractChannelHandlerContext.invokeWrite(AbstractChannelHandlerContext.java:709)
	at io.netty.channel.AbstractChannelHandlerContext.write(AbstractChannelHandlerContext.java:792)
	at io.netty.channel.AbstractChannelHandlerContext.write(AbstractChannelHandlerContext.java:702)
	at io.netty.handler.timeout.IdleStateHandler.write(IdleStateHandler.java:302)
	at io.netty.channel.AbstractChannelHandlerContext.invokeWrite0(AbstractChannelHandlerContext.java:717)
	at io.netty.channel.AbstractChannelHandlerContext.invokeWrite(AbstractChannelHandlerContext.java:709)
	at io.netty.channel.AbstractChannelHandlerContext.write(AbstractChannelHandlerContext.java:792)
	at io.netty.channel.AbstractChannelHandlerContext.write(AbstractChannelHandlerContext.java:702)
	at io.netty.channel.ChannelDuplexHandler.write(ChannelDuplexHandler.java:115)
	at org.apache.dubbo.remoting.transport.netty4.NettyServerHandler.write(NettyServerHandler.java:103)
	at io.netty.channel.AbstractChannelHandlerContext.invokeWrite0(AbstractChannelHandlerContext.java:717)
	at io.netty.channel.AbstractChannelHandlerContext.invokeWriteAndFlush(AbstractChannelHandlerContext.java:764)
	at io.netty.channel.AbstractChannelHandlerContext$WriteTask.run(AbstractChannelHandlerContext.java:1071)
	at io.netty.util.concurrent.AbstractEventExecutor.safeExecute$$$capture(AbstractEventExecutor.java:164)
	at io.netty.util.concurrent.AbstractEventExecutor.safeExecute(AbstractEventExecutor.java)
	at io.netty.util.concurrent.SingleThreadEventExecutor.runAllTasks(SingleThreadEventExecutor.java:472)
	at io.netty.channel.nio.NioEventLoop.run(NioEventLoop.java:500)
	at io.netty.util.concurrent.SingleThreadEventExecutor$4.run(SingleThreadEventExecutor.java:989)
	at io.netty.util.internal.ThreadExecutorMap$2.run(ThreadExecutorMap.java:74)
	at io.netty.util.concurrent.FastThreadLocalRunnable.run(FastThreadLocalRunnable.java:30)
	at java.lang.Thread.run(Thread.java:748)
2022-09-06 00:08:21.861 -  [DUBBO] Fail to encode response: Response [id=7, version=2.0.2, status=20, event=false, error=null, result=AppResponse [value=[ResRoleResp(roleName=ROLE_ADMIN, url=/api/order/v1/place), ResRoleResp(roleName=ROLE_ADMIN, url=/r/r2), ResRoleResp(roleName=ROLE_DEV, url=/api/order/v1/place)], exception=null]], send bad_response info instead, cause: Serialized class com.gover.plague.user.resp.ResRoleResp must implement java.io.Serializable, dubbo version: 2.7.3, current host: 192.168.0.103 
java.lang.IllegalStateException: Serialized class com.gover.plague.user.resp.ResRoleResp must implement java.io.Serializable
	at com.alibaba.com.caucho.hessian.io.SerializerFactory.getDefaultSerializer(SerializerFactory.java:401)
	at com.alibaba.com.caucho.hessian.io.SerializerFactory.getSerializer(SerializerFactory.java:375)
	at com.alibaba.com.caucho.hessian.io.Hessian2Output.writeObject(Hessian2Output.java:389)
	at com.alibaba.com.caucho.hessian.io.CollectionSerializer.writeObject(CollectionSerializer.java:92)
	at com.alibaba.com.caucho.hessian.io.Hessian2Output.writeObject(Hessian2Output.java:391)
	at org.apache.dubbo.common.serialize.hessian2.Hessian2ObjectOutput.writeObject(Hessian2ObjectOutput.java:89)
	at org.apache.dubbo.rpc.protocol.dubbo.DubboCodec.encodeResponseData(DubboCodec.java:203)
	at org.apache.dubbo.remoting.exchange.codec.ExchangeCodec.encodeResponse(ExchangeCodec.java:283)
	at org.apache.dubbo.remoting.exchange.codec.ExchangeCodec.encode(ExchangeCodec.java:71)
	at org.apache.dubbo.rpc.protocol.dubbo.DubboCountCodec.encode(DubboCountCodec.java:40)
	at org.apache.dubbo.remoting.transport.netty4.NettyCodecAdapter$InternalEncoder.encode(NettyCodecAdapter.java:70)
	at io.netty.handler.codec.MessageToByteEncoder.write(MessageToByteEncoder.java:107)
	at io.netty.channel.AbstractChannelHandlerContext.invokeWrite0(AbstractChannelHandlerContext.java:717)
	at io.netty.channel.AbstractChannelHandlerContext.invokeWrite(AbstractChannelHandlerContext.java:709)
	at io.netty.channel.AbstractChannelHandlerContext.write(AbstractChannelHandlerContext.java:792)
	at io.netty.channel.AbstractChannelHandlerContext.write(AbstractChannelHandlerContext.java:702)
	at io.netty.handler.timeout.IdleStateHandler.write(IdleStateHandler.java:302)
	at io.netty.channel.AbstractChannelHandlerContext.invokeWrite0(AbstractChannelHandlerContext.java:717)
	at io.netty.channel.AbstractChannelHandlerContext.invokeWrite(AbstractChannelHandlerContext.java:709)
	at io.netty.channel.AbstractChannelHandlerContext.write(AbstractChannelHandlerContext.java:792)
	at io.netty.channel.AbstractChannelHandlerContext.write(AbstractChannelHandlerContext.java:702)
	at io.netty.channel.ChannelDuplexHandler.write(ChannelDuplexHandler.java:115)
	at org.apache.dubbo.remoting.transport.netty4.NettyServerHandler.write(NettyServerHandler.java:103)
	at io.netty.channel.AbstractChannelHandlerContext.invokeWrite0(AbstractChannelHandlerContext.java:717)
	at io.netty.channel.AbstractChannelHandlerContext.invokeWriteAndFlush(AbstractChannelHandlerContext.java:764)
	at io.netty.channel.AbstractChannelHandlerContext$WriteTask.run(AbstractChannelHandlerContext.java:1071)
	at io.netty.util.concurrent.AbstractEventExecutor.safeExecute$$$capture(AbstractEventExecutor.java:164)
	at io.netty.util.concurrent.AbstractEventExecutor.safeExecute(AbstractEventExecutor.java)
	at io.netty.util.concurrent.SingleThreadEventExecutor.runAllTasks(SingleThreadEventExecutor.java:472)
	at io.netty.channel.nio.NioEventLoop.run(NioEventLoop.java:500)
	at io.netty.util.concurrent.SingleThreadEventExecutor$4.run(SingleThreadEventExecutor.java:989)
	at io.netty.util.internal.ThreadExecutorMap$2.run(ThreadExecutorMap.java:74)
	at io.netty.util.concurrent.FastThreadLocalRunnable.run(FastThreadLocalRunnable.java:30)
	at java.lang.Thread.run(Thread.java:748)
2022-09-06 00:08:21.866 -  [DUBBO] Fail to encode response: Response [id=8, version=2.0.2, status=20, event=false, error=null, result=AppResponse [value=[ResRoleResp(roleName=ROLE_ADMIN, url=/api/order/v1/place), ResRoleResp(roleName=ROLE_ADMIN, url=/r/r2), ResRoleResp(roleName=ROLE_DEV, url=/api/order/v1/place)], exception=null]], send bad_response info instead, cause: Serialized class com.gover.plague.user.resp.ResRoleResp must implement java.io.Serializable, dubbo version: 2.7.3, current host: 192.168.0.103 
java.lang.IllegalStateException: Serialized class com.gover.plague.user.resp.ResRoleResp must implement java.io.Serializable
	at com.alibaba.com.caucho.hessian.io.SerializerFactory.getDefaultSerializer(SerializerFactory.java:401)
	at com.alibaba.com.caucho.hessian.io.SerializerFactory.getSerializer(SerializerFactory.java:375)
	at com.alibaba.com.caucho.hessian.io.Hessian2Output.writeObject(Hessian2Output.java:389)
	at com.alibaba.com.caucho.hessian.io.CollectionSerializer.writeObject(CollectionSerializer.java:92)
	at com.alibaba.com.caucho.hessian.io.Hessian2Output.writeObject(Hessian2Output.java:391)
	at org.apache.dubbo.common.serialize.hessian2.Hessian2ObjectOutput.writeObject(Hessian2ObjectOutput.java:89)
	at org.apache.dubbo.rpc.protocol.dubbo.DubboCodec.encodeResponseData(DubboCodec.java:203)
	at org.apache.dubbo.remoting.exchange.codec.ExchangeCodec.encodeResponse(ExchangeCodec.java:283)
	at org.apache.dubbo.remoting.exchange.codec.ExchangeCodec.encode(ExchangeCodec.java:71)
	at org.apache.dubbo.rpc.protocol.dubbo.DubboCountCodec.encode(DubboCountCodec.java:40)
	at org.apache.dubbo.remoting.transport.netty4.NettyCodecAdapter$InternalEncoder.encode(NettyCodecAdapter.java:70)
	at io.netty.handler.codec.MessageToByteEncoder.write(MessageToByteEncoder.java:107)
	at io.netty.channel.AbstractChannelHandlerContext.invokeWrite0(AbstractChannelHandlerContext.java:717)
	at io.netty.channel.AbstractChannelHandlerContext.invokeWrite(AbstractChannelHandlerContext.java:709)
	at io.netty.channel.AbstractChannelHandlerContext.write(AbstractChannelHandlerContext.java:792)
	at io.netty.channel.AbstractChannelHandlerContext.write(AbstractChannelHandlerContext.java:702)
	at io.netty.handler.timeout.IdleStateHandler.write(IdleStateHandler.java:302)
	at io.netty.channel.AbstractChannelHandlerContext.invokeWrite0(AbstractChannelHandlerContext.java:717)
	at io.netty.channel.AbstractChannelHandlerContext.invokeWrite(AbstractChannelHandlerContext.java:709)
	at io.netty.channel.AbstractChannelHandlerContext.write(AbstractChannelHandlerContext.java:792)
	at io.netty.channel.AbstractChannelHandlerContext.write(AbstractChannelHandlerContext.java:702)
	at io.netty.channel.ChannelDuplexHandler.write(ChannelDuplexHandler.java:115)
	at org.apache.dubbo.remoting.transport.netty4.NettyServerHandler.write(NettyServerHandler.java:103)
	at io.netty.channel.AbstractChannelHandlerContext.invokeWrite0(AbstractChannelHandlerContext.java:717)
	at io.netty.channel.AbstractChannelHandlerContext.invokeWriteAndFlush(AbstractChannelHandlerContext.java:764)
	at io.netty.channel.AbstractChannelHandlerContext$WriteTask.run(AbstractChannelHandlerContext.java:1071)
	at io.netty.util.concurrent.AbstractEventExecutor.safeExecute$$$capture(AbstractEventExecutor.java:164)
	at io.netty.util.concurrent.AbstractEventExecutor.safeExecute(AbstractEventExecutor.java)
	at io.netty.util.concurrent.SingleThreadEventExecutor.runAllTasks(SingleThreadEventExecutor.java:472)
	at io.netty.channel.nio.NioEventLoop.run(NioEventLoop.java:500)
	at io.netty.util.concurrent.SingleThreadEventExecutor$4.run(SingleThreadEventExecutor.java:989)
	at io.netty.util.internal.ThreadExecutorMap$2.run(ThreadExecutorMap.java:74)
	at io.netty.util.concurrent.FastThreadLocalRunnable.run(FastThreadLocalRunnable.java:30)
	at java.lang.Thread.run(Thread.java:748)
2022-09-06 00:08:21.869 -  [DUBBO] Fail to encode response: Response [id=9, version=2.0.2, status=20, event=false, error=null, result=AppResponse [value=[ResRoleResp(roleName=ROLE_ADMIN, url=/api/order/v1/place), ResRoleResp(roleName=ROLE_ADMIN, url=/r/r2), ResRoleResp(roleName=ROLE_DEV, url=/api/order/v1/place)], exception=null]], send bad_response info instead, cause: Serialized class com.gover.plague.user.resp.ResRoleResp must implement java.io.Serializable, dubbo version: 2.7.3, current host: 192.168.0.103 
java.lang.IllegalStateException: Serialized class com.gover.plague.user.resp.ResRoleResp must implement java.io.Serializable
	at com.alibaba.com.caucho.hessian.io.SerializerFactory.getDefaultSerializer(SerializerFactory.java:401)
	at com.alibaba.com.caucho.hessian.io.SerializerFactory.getSerializer(SerializerFactory.java:375)
	at com.alibaba.com.caucho.hessian.io.Hessian2Output.writeObject(Hessian2Output.java:389)
	at com.alibaba.com.caucho.hessian.io.CollectionSerializer.writeObject(CollectionSerializer.java:92)
	at com.alibaba.com.caucho.hessian.io.Hessian2Output.writeObject(Hessian2Output.java:391)
	at org.apache.dubbo.common.serialize.hessian2.Hessian2ObjectOutput.writeObject(Hessian2ObjectOutput.java:89)
	at org.apache.dubbo.rpc.protocol.dubbo.DubboCodec.encodeResponseData(DubboCodec.java:203)
	at org.apache.dubbo.remoting.exchange.codec.ExchangeCodec.encodeResponse(ExchangeCodec.java:283)
	at org.apache.dubbo.remoting.exchange.codec.ExchangeCodec.encode(ExchangeCodec.java:71)
	at org.apache.dubbo.rpc.protocol.dubbo.DubboCountCodec.encode(DubboCountCodec.java:40)
	at org.apache.dubbo.remoting.transport.netty4.NettyCodecAdapter$InternalEncoder.encode(NettyCodecAdapter.java:70)
	at io.netty.handler.codec.MessageToByteEncoder.write(MessageToByteEncoder.java:107)
	at io.netty.channel.AbstractChannelHandlerContext.invokeWrite0(AbstractChannelHandlerContext.java:717)
	at io.netty.channel.AbstractChannelHandlerContext.invokeWrite(AbstractChannelHandlerContext.java:709)
	at io.netty.channel.AbstractChannelHandlerContext.write(AbstractChannelHandlerContext.java:792)
	at io.netty.channel.AbstractChannelHandlerContext.write(AbstractChannelHandlerContext.java:702)
	at io.netty.handler.timeout.IdleStateHandler.write(IdleStateHandler.java:302)
	at io.netty.channel.AbstractChannelHandlerContext.invokeWrite0(AbstractChannelHandlerContext.java:717)
	at io.netty.channel.AbstractChannelHandlerContext.invokeWrite(AbstractChannelHandlerContext.java:709)
	at io.netty.channel.AbstractChannelHandlerContext.write(AbstractChannelHandlerContext.java:792)
	at io.netty.channel.AbstractChannelHandlerContext.write(AbstractChannelHandlerContext.java:702)
	at io.netty.channel.ChannelDuplexHandler.write(ChannelDuplexHandler.java:115)
	at org.apache.dubbo.remoting.transport.netty4.NettyServerHandler.write(NettyServerHandler.java:103)
	at io.netty.channel.AbstractChannelHandlerContext.invokeWrite0(AbstractChannelHandlerContext.java:717)
	at io.netty.channel.AbstractChannelHandlerContext.invokeWriteAndFlush(AbstractChannelHandlerContext.java:764)
	at io.netty.channel.AbstractChannelHandlerContext$WriteTask.run(AbstractChannelHandlerContext.java:1071)
	at io.netty.util.concurrent.AbstractEventExecutor.safeExecute$$$capture(AbstractEventExecutor.java:164)
	at io.netty.util.concurrent.AbstractEventExecutor.safeExecute(AbstractEventExecutor.java)
	at io.netty.util.concurrent.SingleThreadEventExecutor.runAllTasks(SingleThreadEventExecutor.java:472)
	at io.netty.channel.nio.NioEventLoop.run(NioEventLoop.java:500)
	at io.netty.util.concurrent.SingleThreadEventExecutor$4.run(SingleThreadEventExecutor.java:989)
	at io.netty.util.internal.ThreadExecutorMap$2.run(ThreadExecutorMap.java:74)
	at io.netty.util.concurrent.FastThreadLocalRunnable.run(FastThreadLocalRunnable.java:30)
	at java.lang.Thread.run(Thread.java:748)
2022-09-06 00:22:48.637 - Ignore the empty nacos configuration and get it based on dataId[plague-user] & group[PLAGUE] 
2022-09-06 00:22:48.668 - Ignore the empty nacos configuration and get it based on dataId[plague-user.yaml] & group[PLAGUE] 
2022-09-06 00:22:48.685 - Ignore the empty nacos configuration and get it based on dataId[plague-user-dev.yaml] & group[PLAGUE] 
2022-09-06 00:22:49.830 - Endpoint ID 'service-registry' contains invalid characters, please migrate to a valid format. 
2022-09-06 00:22:51.367 - Endpoint ID 'nacos-config' contains invalid characters, please migrate to a valid format. 
2022-09-06 00:22:51.368 - Endpoint ID 'nacos-discovery' contains invalid characters, please migrate to a valid format. 
2022-09-06 00:22:51.701 -  [DUBBO] There's no valid metadata config found, if you are using the simplified mode of registry url, please make sure you have a metadata address configured properly., dubbo version: 2.7.3, current host: 192.168.0.103 
2022-09-06 00:22:51.766 -  [DUBBO] No spring extension (bean) named:applicationContext, try to find an extension (bean) of type org.springframework.context.ConfigurableApplicationContext, dubbo version: 2.7.3, current host: 192.168.0.103 
2022-09-06 00:22:51.770 -  [DUBBO] No spring extension (bean) named:applicationContext, type:org.springframework.context.ConfigurableApplicationContext found, stop get bean., dubbo version: 2.7.3, current host: 192.168.0.103 
2022-09-06 00:22:52.129 -  [DUBBO] There's no valid metadata config found, if you are using the simplified mode of registry url, please make sure you have a metadata address configured properly., dubbo version: 2.7.3, current host: 192.168.0.103 
2022-09-06 00:22:52.665 - The Spring application[name : plague-cache] does not expose The REST metadata in the Dubbo services. 
2022-09-06 00:22:53.126 - No URLs will be polled as dynamic configuration sources. 
2022-09-06 00:22:53.131 - No URLs will be polled as dynamic configuration sources. 
2022-09-06 00:22:55.119 -  [DUBBO] There's no valid metadata config found, if you are using the simplified mode of registry url, please make sure you have a metadata address configured properly., dubbo version: 2.7.3, current host: 192.168.0.103 
2022-09-06 00:22:55.159 -  [DUBBO] Use random available port(20881) for protocol dubbo, dubbo version: 2.7.3, current host: 192.168.0.103 
2022-09-06 00:22:55.273 -  [DUBBO] There's no valid metadata config found, if you are using the simplified mode of registry url, please make sure you have a metadata address configured properly., dubbo version: 2.7.3, current host: 192.168.0.103 
2022-09-06 21:19:23.170 - Ignore the empty nacos configuration and get it based on dataId[plague-user] & group[PLAGUE] 
2022-09-06 21:19:23.193 - Ignore the empty nacos configuration and get it based on dataId[plague-user.yaml] & group[PLAGUE] 
2022-09-06 21:19:23.214 - Ignore the empty nacos configuration and get it based on dataId[plague-user-dev.yaml] & group[PLAGUE] 
2022-09-06 21:19:24.330 - Endpoint ID 'service-registry' contains invalid characters, please migrate to a valid format. 
2022-09-06 21:19:25.753 - Endpoint ID 'nacos-config' contains invalid characters, please migrate to a valid format. 
2022-09-06 21:19:25.754 - Endpoint ID 'nacos-discovery' contains invalid characters, please migrate to a valid format. 
2022-09-06 21:19:26.098 -  [DUBBO] There's no valid metadata config found, if you are using the simplified mode of registry url, please make sure you have a metadata address configured properly., dubbo version: 2.7.3, current host: 192.168.0.104 
2022-09-06 21:19:26.164 -  [DUBBO] No spring extension (bean) named:applicationContext, try to find an extension (bean) of type org.springframework.context.ConfigurableApplicationContext, dubbo version: 2.7.3, current host: 192.168.0.104 
2022-09-06 21:19:26.167 -  [DUBBO] No spring extension (bean) named:applicationContext, type:org.springframework.context.ConfigurableApplicationContext found, stop get bean., dubbo version: 2.7.3, current host: 192.168.0.104 
2022-09-06 21:19:26.524 -  [DUBBO] There's no valid metadata config found, if you are using the simplified mode of registry url, please make sure you have a metadata address configured properly., dubbo version: 2.7.3, current host: 192.168.0.104 
2022-09-06 21:19:27.077 - The Spring application[name : plague-cache] does not expose The REST metadata in the Dubbo services. 
2022-09-06 21:19:27.534 - No URLs will be polled as dynamic configuration sources. 
2022-09-06 21:19:27.539 - No URLs will be polled as dynamic configuration sources. 
2022-09-06 21:19:29.491 -  [DUBBO] There's no valid metadata config found, if you are using the simplified mode of registry url, please make sure you have a metadata address configured properly., dubbo version: 2.7.3, current host: 192.168.0.104 
2022-09-06 21:19:29.524 -  [DUBBO] Use random available port(20881) for protocol dubbo, dubbo version: 2.7.3, current host: 192.168.0.104 
2022-09-06 21:19:29.621 -  [DUBBO] There's no valid metadata config found, if you are using the simplified mode of registry url, please make sure you have a metadata address configured properly., dubbo version: 2.7.3, current host: 192.168.0.104 
2022-09-06 22:35:23.627 -  [DUBBO] All clients has disconnected from /192.168.0.104:20881. You can graceful shutdown now., dubbo version: 2.7.3, current host: 192.168.0.104 
2022-09-06 22:35:23.627 -  [DUBBO] All clients has disconnected from /192.168.0.104:20881. You can graceful shutdown now., dubbo version: 2.7.3, current host: 192.168.0.104 
2022-09-06 22:35:23.828 - Destroy method on bean with name 'nacosAutoServiceRegistration' threw an exception: java.lang.NoSuchMethodError: com.alibaba.nacos.api.naming.NamingService.shutDown()V 
2022-09-06 22:35:23.829 - Destroy method 'close' on bean with name 'nacosServiceRegistry' threw an exception: java.lang.NoSuchMethodError: com.alibaba.nacos.api.naming.NamingService.shutDown()V 
2022-09-06 22:35:39.094 - Ignore the empty nacos configuration and get it based on dataId[plague-user] & group[PLAGUE] 
2022-09-06 22:35:39.115 - Ignore the empty nacos configuration and get it based on dataId[plague-user.yaml] & group[PLAGUE] 
2022-09-06 22:35:39.133 - Ignore the empty nacos configuration and get it based on dataId[plague-user-dev.yaml] & group[PLAGUE] 
2022-09-06 22:35:40.858 - Endpoint ID 'service-registry' contains invalid characters, please migrate to a valid format. 
2022-09-06 22:35:43.003 - Endpoint ID 'nacos-config' contains invalid characters, please migrate to a valid format. 
2022-09-06 22:35:43.003 - Endpoint ID 'nacos-discovery' contains invalid characters, please migrate to a valid format. 
2022-09-06 22:35:43.574 -  [DUBBO] There's no valid metadata config found, if you are using the simplified mode of registry url, please make sure you have a metadata address configured properly., dubbo version: 2.7.3, current host: 192.168.0.104 
2022-09-06 22:35:43.645 -  [DUBBO] No spring extension (bean) named:applicationContext, try to find an extension (bean) of type org.springframework.context.ConfigurableApplicationContext, dubbo version: 2.7.3, current host: 192.168.0.104 
2022-09-06 22:35:43.650 -  [DUBBO] No spring extension (bean) named:applicationContext, type:org.springframework.context.ConfigurableApplicationContext found, stop get bean., dubbo version: 2.7.3, current host: 192.168.0.104 
2022-09-06 22:35:44.111 -  [DUBBO] There's no valid metadata config found, if you are using the simplified mode of registry url, please make sure you have a metadata address configured properly., dubbo version: 2.7.3, current host: 192.168.0.104 
2022-09-06 22:35:44.806 - The Spring application[name : plague-cache] does not expose The REST metadata in the Dubbo services. 
2022-09-06 22:35:45.543 - No URLs will be polled as dynamic configuration sources. 
2022-09-06 22:35:45.551 - No URLs will be polled as dynamic configuration sources. 
2022-09-06 22:35:47.813 -  [DUBBO] There's no valid metadata config found, if you are using the simplified mode of registry url, please make sure you have a metadata address configured properly., dubbo version: 2.7.3, current host: 192.168.0.104 
2022-09-06 22:35:47.845 -  [DUBBO] Use random available port(20881) for protocol dubbo, dubbo version: 2.7.3, current host: 192.168.0.104 
2022-09-06 22:35:47.964 -  [DUBBO] There's no valid metadata config found, if you are using the simplified mode of registry url, please make sure you have a metadata address configured properly., dubbo version: 2.7.3, current host: 192.168.0.104 
